#
# There is insufficient memory for the Java Runtime Environment to continue.
# Native memory allocation (mmap) failed to map 142606336 bytes for committing reserved memory.
# Possible reasons:
#   The system is out of physical RAM or swap space
#   In 32 bit mode, the process size limit was hit
# Possible solutions:
#   Reduce memory load on the system
#   Increase physical memory or swap space
#   Check if swap backing store is full
#   Use 64 bit Java on a 64 bit OS
#   Decrease Java heap size (-Xmx/-Xms)
#   Decrease number of Java threads
#   Decrease Java thread stack sizes (-Xss)
#   Set larger code cache with -XX:ReservedCodeCacheSize=
# This output file may be truncated or incomplete.
#
#  Out of Memory Error (os_linux.cpp:2627), pid=24561, tid=140657285891840
#
# JRE version: Java(TM) SE Runtime Environment (8.0_91-b14) (build 1.8.0_91-b14)
# Java VM: Java HotSpot(TM) 64-Bit Server VM (25.91-b14 mixed mode linux-amd64 compressed oops)
# Failed to write core dump. Core dumps have been disabled. To enable core dumping, try "ulimit -c unlimited" before starting Java again
#

---------------  T H R E A D  ---------------

Current thread (0x00007fed6c078000):  VMThread [stack: 0x00007fed537f8000,0x00007fed538f9000] [id=24603]

Stack: [0x00007fed537f8000,0x00007fed538f9000],  sp=0x00007fed538f7060,  free space=1020k
Native frames: (J=compiled Java code, j=interpreted, Vv=VM code, C=native code)
V  [libjvm.so+0xabc18a]  VMError::report_and_die()+0x2ba
V  [libjvm.so+0x4fafeb]  report_vm_out_of_memory(char const*, int, unsigned long, VMErrorType, char const*)+0x8b
V  [libjvm.so+0x91cbb3]  os::Linux::commit_memory_impl(char*, unsigned long, bool)+0x103
V  [libjvm.so+0x91d109]  os::pd_commit_memory(char*, unsigned long, unsigned long, bool)+0x29
V  [libjvm.so+0x91740a]  os::commit_memory(char*, unsigned long, unsigned long, bool)+0x2a
V  [libjvm.so+0x98b033]  PSVirtualSpace::expand_by(unsigned long)+0x53
V  [libjvm.so+0x98c438]  PSYoungGen::resize_generation(unsigned long, unsigned long)+0xf8
V  [libjvm.so+0x98b592]  PSYoungGen::resize(unsigned long, unsigned long)+0x22
V  [libjvm.so+0x98886b]  PSScavenge::invoke_no_policy()+0xf3b
V  [libjvm.so+0x988ff1]  PSScavenge::invoke()+0x41
V  [libjvm.so+0x9408b0]  ParallelScavengeHeap::failed_mem_allocate(unsigned long)+0x70
V  [libjvm.so+0xabdba7]  VM_ParallelGCFailedAllocation::doit()+0x97
V  [libjvm.so+0xac55d5]  VM_Operation::evaluate()+0x55
V  [libjvm.so+0xac39aa]  VMThread::evaluate_operation(VM_Operation*)+0xba
V  [libjvm.so+0xac3d2e]  VMThread::loop()+0x1ce
V  [libjvm.so+0xac41a0]  VMThread::run()+0x70
V  [libjvm.so+0x91ef78]  java_start(Thread*)+0x108

VM_Operation (0x00007fed52be9520): ParallelGCFailedAllocation, mode: safepoint, requested by thread 0x00007fed6c161800


---------------  P R O C E S S  ---------------

Java Threads: ( => current thread )
  0x00007fed6c16a800 JavaThread "pool-1-thread-4" [_thread_blocked, id=24656, stack(0x00007fed526e7000,0x00007fed527e8000)]
  0x00007fed6c169000 JavaThread "pool-1-thread-3" [_thread_blocked, id=24655, stack(0x00007fed527e8000,0x00007fed528e9000)]
  0x00007fed6c166000 JavaThread "pool-1-thread-2" [_thread_blocked, id=24654, stack(0x00007fed528e9000,0x00007fed529ea000)]
  0x00007fed6c164000 JavaThread "pool-2-thread-1" [_thread_blocked, id=24653, stack(0x00007fed529ea000,0x00007fed52aeb000)]
  0x00007fed6c161800 JavaThread "pool-1-thread-1" [_thread_blocked, id=24652, stack(0x00007fed52aeb000,0x00007fed52bec000)]
  0x00007fed6c0c1800 JavaThread "Service Thread" daemon [_thread_blocked, id=24635, stack(0x00007fed52cf7000,0x00007fed52df8000)]
  0x00007fed6c0be000 JavaThread "C1 CompilerThread2" daemon [_thread_blocked, id=24633, stack(0x00007fed52df8000,0x00007fed52ef9000)]
  0x00007fed6c0bc800 JavaThread "C2 CompilerThread1" daemon [_thread_blocked, id=24632, stack(0x00007fed52ef9000,0x00007fed52ffa000)]
  0x00007fed6c0b9800 JavaThread "C2 CompilerThread0" daemon [_thread_blocked, id=24631, stack(0x00007fed52ffa000,0x00007fed530fb000)]
  0x00007fed6c0b8000 JavaThread "Signal Dispatcher" daemon [_thread_blocked, id=24628, stack(0x00007fed530fb000,0x00007fed531fc000)]
  0x00007fed6c084000 JavaThread "Finalizer" daemon [_thread_blocked, id=24612, stack(0x00007fed535f6000,0x00007fed536f7000)]
  0x00007fed6c07f800 JavaThread "Reference Handler" daemon [_thread_blocked, id=24608, stack(0x00007fed536f7000,0x00007fed537f8000)]
  0x00007fed6c00a000 JavaThread "main" [_thread_blocked, id=24568, stack(0x00007fed71ea7000,0x00007fed71fa8000)]

Other Threads:
=>0x00007fed6c078000 VMThread [stack: 0x00007fed537f8000,0x00007fed538f9000] [id=24603]
  0x00007fed6c0c4000 WatcherThread [stack: 0x00007fed52bf6000,0x00007fed52cf7000] [id=24636]

VM state:at safepoint (normal execution)

VM Mutex/Monitor currently owned by a thread:  ([mutex/lock_event])
[0x00007fed6c006500] Threads_lock - owner thread: 0x00007fed6c078000
[0x00007fed6c006a00] Heap_lock - owner thread: 0x00007fed6c161800

Heap:
 PSYoungGen      total 134656K, used 12792K [0x00000000eab00000, 0x00000000f3c00000, 0x0000000100000000)
  eden space 121856K, 0% used [0x00000000eab00000,0x00000000eab00000,0x00000000f2200000)
  from space 12800K, 99% used [0x00000000f2200000,0x00000000f2e7e250,0x00000000f2e80000)
  to   space 11776K, 0% used [0x00000000f2e80000,0x00000000f2e80000,0x00000000f3a00000)
 ParOldGen       total 39936K, used 35967K [0x00000000c0000000, 0x00000000c2700000, 0x00000000eab00000)
  object space 39936K, 90% used [0x00000000c0000000,0x00000000c231fd58,0x00000000c2700000)
 Metaspace       used 6315K, capacity 7192K, committed 7424K, reserved 1056768K
  class space    used 614K, capacity 656K, committed 768K, reserved 1048576K

Card table byte_map: [0x00007fed5b9a6000,0x00007fed5bba7000] byte_map_base: 0x00007fed5b3a6000

Marking Bits: (ParMarkBitMap*) 0x00007fed71386d60
 Begin Bits: [0x00007fed5944c000, 0x00007fed5a44c000)
 End Bits:   [0x00007fed5a44c000, 0x00007fed5b44c000)

Polling page: 0x00007fed71fcf000

CodeCache: size=245760Kb used=6726Kb max_used=6747Kb free=239033Kb
 bounds [0x00007fed5bf67000, 0x00007fed5c607000, 0x00007fed6af67000]
 total_blobs=2009 nmethods=1741 adapters=182
 compilation: enabled

Compilation events (10 events):
Event: 8,390 Thread 0x00007fed6c0be000 2083       2       java.util.DualPivotQuicksort::sort (614 bytes)
Event: 8,397 Thread 0x00007fed6c0be000 nmethod 2083 0x00007fed5c5f5450 code [0x00007fed5c5f56a0, 0x00007fed5c5f63f8]
Event: 8,426 Thread 0x00007fed6c0be000 2084       2       com.android.dx.rop.cst.CstLiteral64::equals (36 bytes)
Event: 8,426 Thread 0x00007fed6c0be000 nmethod 2084 0x00007fed5c5f77d0 code [0x00007fed5c5f7940, 0x00007fed5c5f7b10]
Event: 8,430 Thread 0x00007fed6c0b9800 nmethod 1546 0x00007fed5c5f7c10 code [0x00007fed5c5f8220, 0x00007fed5c5fc7f0]
Event: 8,430 Thread 0x00007fed6c0b9800 1867       4       com.android.dx.ssa.LocalVariableExtractor::processBlock (383 bytes)
Event: 8,440 Thread 0x00007fed6c0be000 2085       2       java.util.HashMap$TreeNode::find (172 bytes)
Event: 8,441 Thread 0x00007fed6c0be000 nmethod 2085 0x00007fed5c5eb0d0 code [0x00007fed5c5eb280, 0x00007fed5c5eb6b8]
Event: 8,522 Thread 0x00007fed6c0be000 2086       3       com.android.dx.cf.code.Ropper::getRopMethod (64 bytes)
Event: 8,524 Thread 0x00007fed6c0be000 nmethod 2086 0x00007fed5c5f3490 code [0x00007fed5c5f36e0, 0x00007fed5c5f4438]

GC Heap History (10 events):
Event: 2,373 GC heap after
Heap after GC invocations=2 (full 0):
 PSYoungGen      total 32768K, used 2048K [0x00000000eab00000, 0x00000000ecd00000, 0x0000000100000000)
  eden space 30720K, 0% used [0x00000000eab00000,0x00000000eab00000,0x00000000ec900000)
  from space 2048K, 100% used [0x00000000ecb00000,0x00000000ecd00000,0x00000000ecd00000)
  to   space 2048K, 0% used [0x00000000ec900000,0x00000000ec900000,0x00000000ecb00000)
 ParOldGen       total 39936K, used 3615K [0x00000000c0000000, 0x00000000c2700000, 0x00000000eab00000)
  object space 39936K, 9% used [0x00000000c0000000,0x00000000c0387c98,0x00000000c2700000)
 Metaspace       used 5783K, capacity 6768K, committed 7040K, reserved 1056768K
  class space    used 593K, capacity 616K, committed 640K, reserved 1048576K
}
Event: 3,594 GC heap before
{Heap before GC invocations=3 (full 0):
 PSYoungGen      total 32768K, used 32768K [0x00000000eab00000, 0x00000000ecd00000, 0x0000000100000000)
  eden space 30720K, 100% used [0x00000000eab00000,0x00000000ec900000,0x00000000ec900000)
  from space 2048K, 100% used [0x00000000ecb00000,0x00000000ecd00000,0x00000000ecd00000)
  to   space 2048K, 0% used [0x00000000ec900000,0x00000000ec900000,0x00000000ecb00000)
 ParOldGen       total 39936K, used 3615K [0x00000000c0000000, 0x00000000c2700000, 0x00000000eab00000)
  object space 39936K, 9% used [0x00000000c0000000,0x00000000c0387c98,0x00000000c2700000)
 Metaspace       used 5853K, capacity 6832K, committed 7040K, reserved 1056768K
  class space    used 593K, capacity 616K, committed 640K, reserved 1048576K
Event: 3,633 GC heap after
Heap after GC invocations=3 (full 0):
 PSYoungGen      total 32768K, used 2022K [0x00000000eab00000, 0x00000000eeb00000, 0x0000000100000000)
  eden space 30720K, 0% used [0x00000000eab00000,0x00000000eab00000,0x00000000ec900000)
  from space 2048K, 98% used [0x00000000ec900000,0x00000000ecaf99e8,0x00000000ecb00000)
  to   space 2048K, 0% used [0x00000000ee900000,0x00000000ee900000,0x00000000eeb00000)
 ParOldGen       total 39936K, used 8987K [0x00000000c0000000, 0x00000000c2700000, 0x00000000eab00000)
  object space 39936K, 22% used [0x00000000c0000000,0x00000000c08c6fe8,0x00000000c2700000)
 Metaspace       used 5853K, capacity 6832K, committed 7040K, reserved 1056768K
  class space    used 593K, capacity 616K, committed 640K, reserved 1048576K
}
Event: 4,182 GC heap before
{Heap before GC invocations=4 (full 0):
 PSYoungGen      total 32768K, used 32742K [0x00000000eab00000, 0x00000000eeb00000, 0x0000000100000000)
  eden space 30720K, 100% used [0x00000000eab00000,0x00000000ec900000,0x00000000ec900000)
  from space 2048K, 98% used [0x00000000ec900000,0x00000000ecaf99e8,0x00000000ecb00000)
  to   space 2048K, 0% used [0x00000000ee900000,0x00000000ee900000,0x00000000eeb00000)
 ParOldGen       total 39936K, used 8987K [0x00000000c0000000, 0x00000000c2700000, 0x00000000eab00000)
  object space 39936K, 22% used [0x00000000c0000000,0x00000000c08c6fe8,0x00000000c2700000)
 Metaspace       used 5901K, capacity 6896K, committed 7040K, reserved 1056768K
  class space    used 593K, capacity 616K, committed 640K, reserved 1048576K
Event: 4,270 GC heap after
Heap after GC invocations=4 (full 0):
 PSYoungGen      total 63488K, used 2038K [0x00000000eab00000, 0x00000000eeb00000, 0x0000000100000000)
  eden space 61440K, 0% used [0x00000000eab00000,0x00000000eab00000,0x00000000ee700000)
  from space 2048K, 99% used [0x00000000ee900000,0x00000000eeafd9f8,0x00000000eeb00000)
  to   space 2048K, 0% used [0x00000000ee700000,0x00000000ee700000,0x00000000ee900000)
 ParOldGen       total 39936K, used 13212K [0x00000000c0000000, 0x00000000c2700000, 0x00000000eab00000)
  object space 39936K, 33% used [0x00000000c0000000,0x00000000c0ce7330,0x00000000c2700000)
 Metaspace       used 5901K, capacity 6896K, committed 7040K, reserved 1056768K
  class space    used 593K, capacity 616K, committed 640K, reserved 1048576K
}
Event: 5,281 GC heap before
{Heap before GC invocations=5 (full 0):
 PSYoungGen      total 63488K, used 63478K [0x00000000eab00000, 0x00000000eeb00000, 0x0000000100000000)
  eden space 61440K, 100% used [0x00000000eab00000,0x00000000ee700000,0x00000000ee700000)
  from space 2048K, 99% used [0x00000000ee900000,0x00000000eeafd9f8,0x00000000eeb00000)
  to   space 2048K, 0% used [0x00000000ee700000,0x00000000ee700000,0x00000000ee900000)
 ParOldGen       total 39936K, used 13212K [0x00000000c0000000, 0x00000000c2700000, 0x00000000eab00000)
  object space 39936K, 33% used [0x00000000c0000000,0x00000000c0ce7330,0x00000000c2700000)
 Metaspace       used 6026K, capacity 6960K, committed 7040K, reserved 1056768K
  class space    used 594K, capacity 616K, committed 640K, reserved 1048576K
Event: 5,402 GC heap after
Heap after GC invocations=5 (full 0):
 PSYoungGen      total 63488K, used 2033K [0x00000000eab00000, 0x00000000f3a00000, 0x0000000100000000)
  eden space 61440K, 0% used [0x00000000eab00000,0x00000000eab00000,0x00000000ee700000)
  from space 2048K, 99% used [0x00000000ee700000,0x00000000ee8fc580,0x00000000ee900000)
  to   space 11776K, 0% used [0x00000000f2e80000,0x00000000f2e80000,0x00000000f3a00000)
 ParOldGen       total 39936K, used 22315K [0x00000000c0000000, 0x00000000c2700000, 0x00000000eab00000)
  object space 39936K, 55% used [0x00000000c0000000,0x00000000c15caf38,0x00000000c2700000)
 Metaspace       used 6026K, capacity 6960K, committed 7040K, reserved 1056768K
  class space    used 594K, capacity 616K, committed 640K, reserved 1048576K
}
Event: 6,181 GC heap before
{Heap before GC invocations=6 (full 0):
 PSYoungGen      total 63488K, used 63473K [0x00000000eab00000, 0x00000000f3a00000, 0x0000000100000000)
  eden space 61440K, 100% used [0x00000000eab00000,0x00000000ee700000,0x00000000ee700000)
  from space 2048K, 99% used [0x00000000ee700000,0x00000000ee8fc580,0x00000000ee900000)
  to   space 11776K, 0% used [0x00000000f2e80000,0x00000000f2e80000,0x00000000f3a00000)
 ParOldGen       total 39936K, used 22315K [0x00000000c0000000, 0x00000000c2700000, 0x00000000eab00000)
  object space 39936K, 55% used [0x00000000c0000000,0x00000000c15caf38,0x00000000c2700000)
 Metaspace       used 6136K, capacity 7064K, committed 7424K, reserved 1056768K
  class space    used 614K, capacity 656K, committed 768K, reserved 1048576K
Event: 6,364 GC heap after
Heap after GC invocations=6 (full 0):
 PSYoungGen      total 133632K, used 10048K [0x00000000eab00000, 0x00000000f3c00000, 0x0000000100000000)
  eden space 121856K, 0% used [0x00000000eab00000,0x00000000eab00000,0x00000000f2200000)
  from space 11776K, 85% used [0x00000000f2e80000,0x00000000f38503c0,0x00000000f3a00000)
  to   space 12800K, 0% used [0x00000000f2200000,0x00000000f2200000,0x00000000f2e80000)
 ParOldGen       total 39936K, used 22315K [0x00000000c0000000, 0x00000000c2700000, 0x00000000eab00000)
  object space 39936K, 55% used [0x00000000c0000000,0x00000000c15caf38,0x00000000c2700000)
 Metaspace       used 6136K, capacity 7064K, committed 7424K, reserved 1056768K
  class space    used 614K, capacity 656K, committed 768K, reserved 1048576K
}
Event: 8,538 GC heap before
{Heap before GC invocations=7 (full 0):
 PSYoungGen      total 133632K, used 131904K [0x00000000eab00000, 0x00000000f3c00000, 0x0000000100000000)
  eden space 121856K, 100% used [0x00000000eab00000,0x00000000f2200000,0x00000000f2200000)
  from space 11776K, 85% used [0x00000000f2e80000,0x00000000f38503c0,0x00000000f3a00000)
  to   space 12800K, 0% used [0x00000000f2200000,0x00000000f2200000,0x00000000f2e80000)
 ParOldGen       total 39936K, used 22315K [0x00000000c0000000, 0x00000000c2700000, 0x00000000eab00000)
  object space 39936K, 55% used [0x00000000c0000000,0x00000000c15caf38,0x00000000c2700000)
 Metaspace       used 6315K, capacity 7192K, committed 7424K, reserved 1056768K
  class space    used 614K, capacity 656K, committed 768K, reserved 1048576K

Deoptimization events (10 events):
Event: 4,605 Thread 0x00007fed6c169000 Uncommon trap: reason=unstable_if action=reinterpret pc=0x00007fed5c265a3c method=com.android.dx.ssa.SsaMethod.updateOneDefinition(Lcom/android/dx/ssa/SsaInsn;Lcom/android/dx/rop/code/RegisterSpec;)V @ 4
Event: 5,767 Thread 0x00007fed6c16a800 Uncommon trap: reason=unstable_if action=reinterpret pc=0x00007fed5c44bb34 method=com.android.dx.ssa.SCCP.simulateStmt(Lcom/android/dx/ssa/SsaInsn;)V @ 59
Event: 5,800 Thread 0x00007fed6c16a800 Uncommon trap: reason=unstable_if action=reinterpret pc=0x00007fed5c20ba00 method=java.util.HashMap.putVal(ILjava/lang/Object;Ljava/lang/Object;ZZ)Ljava/lang/Object; @ 162
Event: 5,879 Thread 0x00007fed6c16a800 Uncommon trap: reason=unstable_if action=reinterpret pc=0x00007fed5c160bac method=java.util.HashMap.getNode(ILjava/lang/Object;)Ljava/util/HashMap$Node; @ 84
Event: 5,960 Thread 0x00007fed6c166000 Uncommon trap: reason=unstable_if action=reinterpret pc=0x00007fed5c361934 method=java.util.HashMap.putVal(ILjava/lang/Object;Ljava/lang/Object;ZZ)Ljava/lang/Object; @ 162
Event: 7,412 Thread 0x00007fed6c00a000 Uncommon trap: reason=unstable_if action=reinterpret pc=0x00007fed5c304e88 method=com.android.dx.dex.code.OutputFinisher.hasLocalInfo(Lcom/android/dx/dex/code/DalvInsn;)Z @ 24
Event: 7,517 Thread 0x00007fed6c16a800 Uncommon trap: reason=bimorphic action=maybe_recompile pc=0x00007fed5c5810e8 method=com.android.dx.cf.code.BytecodeArray.parseInstruction(ILcom/android/dx/cf/code/BytecodeArray$Visitor;)I @ 971
Event: 7,517 Thread 0x00007fed6c16a800 Uncommon trap: reason=bimorphic action=maybe_recompile pc=0x00007fed5c5810e8 method=com.android.dx.cf.code.BytecodeArray.parseInstruction(ILcom/android/dx/cf/code/BytecodeArray$Visitor;)I @ 971
Event: 7,518 Thread 0x00007fed6c16a800 Uncommon trap: reason=bimorphic action=maybe_recompile pc=0x00007fed5c5810e8 method=com.android.dx.cf.code.BytecodeArray.parseInstruction(ILcom/android/dx/cf/code/BytecodeArray$Visitor;)I @ 971
Event: 7,518 Thread 0x00007fed6c16a800 Uncommon trap: reason=bimorphic action=maybe_recompile pc=0x00007fed5c5810e8 method=com.android.dx.cf.code.BytecodeArray.parseInstruction(ILcom/android/dx/cf/code/BytecodeArray$Visitor;)I @ 971

Internal exceptions (6 events):
Event: 0,116 Thread 0x00007fed6c00a000 Exception <a 'java/lang/NoSuchMethodError': Method sun.misc.Unsafe.defineClass(Ljava/lang/String;[BII)Ljava/lang/Class; name or signature does not match> (0x00000000eab07cc0) thrown at [/HUDSON/workspace/8-2-build-linux-amd64/jdk8u91/6644/hotspot/src/shar
Event: 0,122 Thread 0x00007fed6c00a000 Exception <a 'java/lang/NoSuchMethodError': Method sun.misc.Unsafe.prefetchRead(Ljava/lang/Object;J)V name or signature does not match> (0x00000000eab07fa8) thrown at [/HUDSON/workspace/8-2-build-linux-amd64/jdk8u91/6644/hotspot/src/share/vm/prims/jni.cpp
Event: 2,930 Thread 0x00007fed6c16a800 Implicit null exception at 0x00007fed5c227b2c to 0x00007fed5c22a9d5
Event: 5,817 Thread 0x00007fed6c16a800 Exception <a 'java/lang/ArrayIndexOutOfBoundsException': 18> (0x00000000ecd4bd40) thrown at [/HUDSON/workspace/8-2-build-linux-amd64/jdk8u91/6644/hotspot/src/share/vm/interpreter/interpreterRuntime.cpp, line 366]
Event: 5,817 Thread 0x00007fed6c16a800 Exception <a 'java/lang/ArrayIndexOutOfBoundsException': 145> (0x00000000ecd4d8c0) thrown at [/HUDSON/workspace/8-2-build-linux-amd64/jdk8u91/6644/hotspot/src/share/vm/interpreter/interpreterRuntime.cpp, line 366]
Event: 5,818 Thread 0x00007fed6c16a800 Exception <a 'java/lang/ArrayIndexOutOfBoundsException': 40> (0x00000000ecd4eba8) thrown at [/HUDSON/workspace/8-2-build-linux-amd64/jdk8u91/6644/hotspot/src/share/vm/interpreter/interpreterRuntime.cpp, line 366]

Events (10 events):
Event: 8,056 Thread 0x00007fed6c00a000 DEOPT UNPACKING pc=0x00007fed5bfae633 sp=0x00007fed71fa55a0 mode 0
Event: 8,103 Thread 0x00007fed6c00a000 DEOPT PACKING pc=0x00007fed5c41f737 sp=0x00007fed71fa57d0
Event: 8,103 Thread 0x00007fed6c00a000 DEOPT UNPACKING pc=0x00007fed5bfae633 sp=0x00007fed71fa5568 mode 0
Event: 8,203 Thread 0x00007fed6c169000 DEOPT PACKING pc=0x00007fed5c307fec sp=0x00007fed528e6fa0
Event: 8,203 Thread 0x00007fed6c169000 DEOPT UNPACKING pc=0x00007fed5bfae633 sp=0x00007fed528e6ca0 mode 0
Event: 8,443 Thread 0x00007fed6c00a000 DEOPT PACKING pc=0x00007fed5c307fec sp=0x00007fed71fa57a0
Event: 8,443 Thread 0x00007fed6c00a000 DEOPT UNPACKING pc=0x00007fed5bfae633 sp=0x00007fed71fa54a0 mode 0
Event: 8,524 Thread 0x00007fed6c166000 DEOPT PACKING pc=0x00007fed5c41809a sp=0x00007fed529e7f00
Event: 8,524 Thread 0x00007fed6c166000 DEOPT UNPACKING pc=0x00007fed5bfae633 sp=0x00007fed529e7cb0 mode 0
Event: 8,531 Executing VM operation: ParallelGCFailedAllocation


Dynamic libraries:
00400000-00401000 r-xp 00000000 08:02 11668972                           /opt/java/jdk1.8.0_91/bin/java
00600000-00601000 rw-p 00000000 08:02 11668972                           /opt/java/jdk1.8.0_91/bin/java
00a6b000-00a8c000 rw-p 00000000 00:00 0                                  [heap]
c0000000-c2700000 rw-p 00000000 00:00 0 
c2700000-eab00000 ---p 00000000 00:00 0 
eab00000-f3c00000 rw-p 00000000 00:00 0 
fc400000-100000000 ---p 00000000 00:00 0 
100000000-1000c0000 rw-p 00000000 00:00 0 
1000c0000-140000000 ---p 00000000 00:00 0 
7fed04000000-7fed04021000 rw-p 00000000 00:00 0 
7fed04021000-7fed08000000 ---p 00000000 00:00 0 
7fed0c000000-7fed0c025000 rw-p 00000000 00:00 0 
7fed0c025000-7fed10000000 ---p 00000000 00:00 0 
7fed10000000-7fed10021000 rw-p 00000000 00:00 0 
7fed10021000-7fed14000000 ---p 00000000 00:00 0 
7fed14000000-7fed14023000 rw-p 00000000 00:00 0 
7fed14023000-7fed18000000 ---p 00000000 00:00 0 
7fed18000000-7fed18021000 rw-p 00000000 00:00 0 
7fed18021000-7fed1c000000 ---p 00000000 00:00 0 
7fed1c000000-7fed1ca5a000 rw-p 00000000 00:00 0 
7fed1ca5a000-7fed20000000 ---p 00000000 00:00 0 
7fed20000000-7fed20021000 rw-p 00000000 00:00 0 
7fed20021000-7fed24000000 ---p 00000000 00:00 0 
7fed24000000-7fed24aa2000 rw-p 00000000 00:00 0 
7fed24aa2000-7fed28000000 ---p 00000000 00:00 0 
7fed28000000-7fed28021000 rw-p 00000000 00:00 0 
7fed28021000-7fed2c000000 ---p 00000000 00:00 0 
7fed2c000000-7fed2c021000 rw-p 00000000 00:00 0 
7fed2c021000-7fed30000000 ---p 00000000 00:00 0 
7fed30000000-7fed30980000 rw-p 00000000 00:00 0 
7fed30980000-7fed34000000 ---p 00000000 00:00 0 
7fed34000000-7fed34021000 rw-p 00000000 00:00 0 
7fed34021000-7fed38000000 ---p 00000000 00:00 0 
7fed38000000-7fed38021000 rw-p 00000000 00:00 0 
7fed38021000-7fed3c000000 ---p 00000000 00:00 0 
7fed3c000000-7fed3c021000 rw-p 00000000 00:00 0 
7fed3c021000-7fed40000000 ---p 00000000 00:00 0 
7fed40000000-7fed4028c000 rw-p 00000000 00:00 0 
7fed4028c000-7fed44000000 ---p 00000000 00:00 0 
7fed44000000-7fed44021000 rw-p 00000000 00:00 0 
7fed44021000-7fed48000000 ---p 00000000 00:00 0 
7fed4c000000-7fed4c021000 rw-p 00000000 00:00 0 
7fed4c021000-7fed50000000 ---p 00000000 00:00 0 
7fed526e7000-7fed526ea000 ---p 00000000 00:00 0 
7fed526ea000-7fed527e8000 rw-p 00000000 00:00 0                          [stack:24656]
7fed527e8000-7fed527eb000 ---p 00000000 00:00 0 
7fed527eb000-7fed528e9000 rw-p 00000000 00:00 0                          [stack:24655]
7fed528e9000-7fed528ec000 ---p 00000000 00:00 0 
7fed528ec000-7fed529ea000 rw-p 00000000 00:00 0                          [stack:24654]
7fed529ea000-7fed529ed000 ---p 00000000 00:00 0 
7fed529ed000-7fed52aeb000 rw-p 00000000 00:00 0                          [stack:24653]
7fed52aeb000-7fed52aee000 ---p 00000000 00:00 0 
7fed52aee000-7fed52bec000 rw-p 00000000 00:00 0                          [stack:24652]
7fed52bec000-7fed52bf6000 r--s 00097000 08:02 12588310                   /home/arnal/AndroidStudioProjects/MusicalStructure/app/build/intermediates/exploded-aar/com.android.support/appcompat-v7/24.0.0/jars/classes.jar
7fed52bf6000-7fed52bf7000 ---p 00000000 00:00 0 
7fed52bf7000-7fed52cf7000 rw-p 00000000 00:00 0                          [stack:24636]
7fed52cf7000-7fed52cfa000 ---p 00000000 00:00 0 
7fed52cfa000-7fed52df8000 rw-p 00000000 00:00 0                          [stack:24635]
7fed52df8000-7fed52dfb000 ---p 00000000 00:00 0 
7fed52dfb000-7fed52ef9000 rw-p 00000000 00:00 0                          [stack:24633]
7fed52ef9000-7fed52efc000 ---p 00000000 00:00 0 
7fed52efc000-7fed52ffa000 rw-p 00000000 00:00 0                          [stack:24632]
7fed52ffa000-7fed52ffd000 ---p 00000000 00:00 0 
7fed52ffd000-7fed530fb000 rw-p 00000000 00:00 0                          [stack:24631]
7fed530fb000-7fed530fe000 ---p 00000000 00:00 0 
7fed530fe000-7fed531fc000 rw-p 00000000 00:00 0                          [stack:24628]
7fed531fc000-7fed535f6000 r--p 00000000 08:02 9181546                    /usr/lib/locale/locale-archive
7fed535f6000-7fed535f9000 ---p 00000000 00:00 0 
7fed535f9000-7fed536f7000 rw-p 00000000 00:00 0                          [stack:24612]
7fed536f7000-7fed536fa000 ---p 00000000 00:00 0 
7fed536fa000-7fed537f8000 rw-p 00000000 00:00 0                          [stack:24608]
7fed537f8000-7fed537f9000 ---p 00000000 00:00 0 
7fed537f9000-7fed54000000 rw-p 00000000 00:00 0                          [stack:24603]
7fed54000000-7fed54021000 rw-p 00000000 00:00 0 
7fed54021000-7fed58000000 ---p 00000000 00:00 0 
7fed58008000-7fed58873000 rw-p 00000000 00:00 0 
7fed58873000-7fed58a4c000 r--s 03d1f000 08:02 12323343                   /opt/java/jdk1.8.0_91/jre/lib/rt.jar
7fed58a4c000-7fed590cc000 rw-p 00000000 00:00 0 
7fed590cc000-7fed5924c000 ---p 00000000 00:00 0 
7fed5924c000-7fed5b44c000 rw-p 00000000 00:00 0 
7fed5b44c000-7fed5b44d000 ---p 00000000 00:00 0 
7fed5b44d000-7fed5b54d000 rw-p 00000000 00:00 0                          [stack:24578]
7fed5b54d000-7fed5b54e000 ---p 00000000 00:00 0 
7fed5b54e000-7fed5b64e000 rw-p 00000000 00:00 0                          [stack:24577]
7fed5b64e000-7fed5b64f000 ---p 00000000 00:00 0 
7fed5b64f000-7fed5b74f000 rw-p 00000000 00:00 0                          [stack:24576]
7fed5b74f000-7fed5b750000 ---p 00000000 00:00 0 
7fed5b750000-7fed5b864000 rw-p 00000000 00:00 0                          [stack:24572]
7fed5b864000-7fed5b9a6000 ---p 00000000 00:00 0 
7fed5b9a6000-7fed5b9ba000 rw-p 00000000 00:00 0 
7fed5b9ba000-7fed5bafb000 ---p 00000000 00:00 0 
7fed5bafb000-7fed5bb44000 rw-p 00000000 00:00 0 
7fed5bb44000-7fed5bba6000 ---p 00000000 00:00 0 
7fed5bba6000-7fed5bbc2000 rw-p 00000000 00:00 0 
7fed5bbc2000-7fed5bf67000 ---p 00000000 00:00 0 
7fed5bf67000-7fed5c607000 rwxp 00000000 00:00 0 
7fed5c607000-7fed6af67000 ---p 00000000 00:00 0 
7fed6af67000-7fed6af81000 r-xp 00000000 08:02 12452042                   /opt/java/jdk1.8.0_91/jre/lib/amd64/libzip.so
7fed6af81000-7fed6b181000 ---p 0001a000 08:02 12452042                   /opt/java/jdk1.8.0_91/jre/lib/amd64/libzip.so
7fed6b181000-7fed6b182000 rw-p 0001a000 08:02 12452042                   /opt/java/jdk1.8.0_91/jre/lib/amd64/libzip.so
7fed6b182000-7fed6b18c000 r-xp 00000000 08:02 4457611                    /lib/x86_64-linux-gnu/libnss_files-2.19.so
7fed6b18c000-7fed6b38b000 ---p 0000a000 08:02 4457611                    /lib/x86_64-linux-gnu/libnss_files-2.19.so
7fed6b38b000-7fed6b38c000 r--p 00009000 08:02 4457611                    /lib/x86_64-linux-gnu/libnss_files-2.19.so
7fed6b38c000-7fed6b38d000 rw-p 0000a000 08:02 4457611                    /lib/x86_64-linux-gnu/libnss_files-2.19.so
7fed6b38d000-7fed6b398000 r-xp 00000000 08:02 4457574                    /lib/x86_64-linux-gnu/libnss_nis-2.19.so
7fed6b398000-7fed6b597000 ---p 0000b000 08:02 4457574                    /lib/x86_64-linux-gnu/libnss_nis-2.19.so
7fed6b597000-7fed6b598000 r--p 0000a000 08:02 4457574                    /lib/x86_64-linux-gnu/libnss_nis-2.19.so
7fed6b598000-7fed6b599000 rw-p 0000b000 08:02 4457574                    /lib/x86_64-linux-gnu/libnss_nis-2.19.so
7fed6b599000-7fed6b5b0000 r-xp 00000000 08:02 4457564                    /lib/x86_64-linux-gnu/libnsl-2.19.so
7fed6b5b0000-7fed6b7af000 ---p 00017000 08:02 4457564                    /lib/x86_64-linux-gnu/libnsl-2.19.so
7fed6b7af000-7fed6b7b0000 r--p 00016000 08:02 4457564                    /lib/x86_64-linux-gnu/libnsl-2.19.so
7fed6b7b0000-7fed6b7b1000 rw-p 00017000 08:02 4457564                    /lib/x86_64-linux-gnu/libnsl-2.19.so
7fed6b7b1000-7fed6b7b3000 rw-p 00000000 00:00 0 
7fed6b7b3000-7fed6b7bc000 r-xp 00000000 08:02 4457558                    /lib/x86_64-linux-gnu/libnss_compat-2.19.so
7fed6b7bc000-7fed6b9bb000 ---p 00009000 08:02 4457558                    /lib/x86_64-linux-gnu/libnss_compat-2.19.so
7fed6b9bb000-7fed6b9bc000 r--p 00008000 08:02 4457558                    /lib/x86_64-linux-gnu/libnss_compat-2.19.so
7fed6b9bc000-7fed6b9bd000 rw-p 00009000 08:02 4457558                    /lib/x86_64-linux-gnu/libnss_compat-2.19.so
7fed6b9bd000-7fed6b9e7000 r-xp 00000000 08:02 12452037                   /opt/java/jdk1.8.0_91/jre/lib/amd64/libjava.so
7fed6b9e7000-7fed6bbe7000 ---p 0002a000 08:02 12452037                   /opt/java/jdk1.8.0_91/jre/lib/amd64/libjava.so
7fed6bbe7000-7fed6bbe9000 rw-p 0002a000 08:02 12452037                   /opt/java/jdk1.8.0_91/jre/lib/amd64/libjava.so
7fed6bbe9000-7fed6bbf6000 r-xp 00000000 08:02 12452041                   /opt/java/jdk1.8.0_91/jre/lib/amd64/libverify.so
7fed6bbf6000-7fed6bdf6000 ---p 0000d000 08:02 12452041                   /opt/java/jdk1.8.0_91/jre/lib/amd64/libverify.so
7fed6bdf6000-7fed6bdf8000 rw-p 0000d000 08:02 12452041                   /opt/java/jdk1.8.0_91/jre/lib/amd64/libverify.so
7fed6bdf8000-7fed6bdff000 r-xp 00000000 08:02 4457599                    /lib/x86_64-linux-gnu/librt-2.19.so
7fed6bdff000-7fed6bffe000 ---p 00007000 08:02 4457599                    /lib/x86_64-linux-gnu/librt-2.19.so
7fed6bffe000-7fed6bfff000 r--p 00006000 08:02 4457599                    /lib/x86_64-linux-gnu/librt-2.19.so
7fed6bfff000-7fed6c000000 rw-p 00007000 08:02 4457599                    /lib/x86_64-linux-gnu/librt-2.19.so
7fed6c000000-7fed6c38d000 rw-p 00000000 00:00 0 
7fed6c38d000-7fed70000000 ---p 00000000 00:00 0 
7fed70003000-7fed70012000 r--s 000df000 08:02 10780072                   /home/arnal/Android/Sdk/build-tools/23.0.2/lib/dx.jar
7fed70012000-7fed700ca000 rw-p 00000000 00:00 0 
7fed700ca000-7fed701cf000 r-xp 00000000 08:02 4457549                    /lib/x86_64-linux-gnu/libm-2.19.so
7fed701cf000-7fed703ce000 ---p 00105000 08:02 4457549                    /lib/x86_64-linux-gnu/libm-2.19.so
7fed703ce000-7fed703cf000 r--p 00104000 08:02 4457549                    /lib/x86_64-linux-gnu/libm-2.19.so
7fed703cf000-7fed703d0000 rw-p 00105000 08:02 4457549                    /lib/x86_64-linux-gnu/libm-2.19.so
7fed703d0000-7fed71090000 r-xp 00000000 08:02 12452020                   /opt/java/jdk1.8.0_91/jre/lib/amd64/server/libjvm.so
7fed71090000-7fed71290000 ---p 00cc0000 08:02 12452020                   /opt/java/jdk1.8.0_91/jre/lib/amd64/server/libjvm.so
7fed71290000-7fed71368000 rw-p 00cc0000 08:02 12452020                   /opt/java/jdk1.8.0_91/jre/lib/amd64/server/libjvm.so
7fed71368000-7fed713b3000 rw-p 00000000 00:00 0 
7fed713b3000-7fed7156d000 r-xp 00000000 08:02 4457600                    /lib/x86_64-linux-gnu/libc-2.19.so
7fed7156d000-7fed7176d000 ---p 001ba000 08:02 4457600                    /lib/x86_64-linux-gnu/libc-2.19.so
7fed7176d000-7fed71771000 r--p 001ba000 08:02 4457600                    /lib/x86_64-linux-gnu/libc-2.19.so
7fed71771000-7fed71773000 rw-p 001be000 08:02 4457600                    /lib/x86_64-linux-gnu/libc-2.19.so
7fed71773000-7fed71778000 rw-p 00000000 00:00 0 
7fed71778000-7fed7177b000 r-xp 00000000 08:02 4457551                    /lib/x86_64-linux-gnu/libdl-2.19.so
7fed7177b000-7fed7197a000 ---p 00003000 08:02 4457551                    /lib/x86_64-linux-gnu/libdl-2.19.so
7fed7197a000-7fed7197b000 r--p 00002000 08:02 4457551                    /lib/x86_64-linux-gnu/libdl-2.19.so
7fed7197b000-7fed7197c000 rw-p 00003000 08:02 4457551                    /lib/x86_64-linux-gnu/libdl-2.19.so
7fed7197c000-7fed71991000 r-xp 00000000 08:02 11930229                   /opt/java/jdk1.8.0_91/lib/amd64/jli/libjli.so
7fed71991000-7fed71b91000 ---p 00015000 08:02 11930229                   /opt/java/jdk1.8.0_91/lib/amd64/jli/libjli.so
7fed71b91000-7fed71b92000 rw-p 00015000 08:02 11930229                   /opt/java/jdk1.8.0_91/lib/amd64/jli/libjli.so
7fed71b92000-7fed71bab000 r-xp 00000000 08:02 4457565                    /lib/x86_64-linux-gnu/libpthread-2.19.so
7fed71bab000-7fed71daa000 ---p 00019000 08:02 4457565                    /lib/x86_64-linux-gnu/libpthread-2.19.so
7fed71daa000-7fed71dab000 r--p 00018000 08:02 4457565                    /lib/x86_64-linux-gnu/libpthread-2.19.so
7fed71dab000-7fed71dac000 rw-p 00019000 08:02 4457565                    /lib/x86_64-linux-gnu/libpthread-2.19.so
7fed71dac000-7fed71db0000 rw-p 00000000 00:00 0 
7fed71db0000-7fed71dd3000 r-xp 00000000 08:02 4457570                    /lib/x86_64-linux-gnu/ld-2.19.so
7fed71dd5000-7fed71ea7000 rw-p 00000000 00:00 0 
7fed71ea7000-7fed71eaa000 ---p 00000000 00:00 0 
7fed71eaa000-7fed71fac000 rw-p 00000000 00:00 0                          [stack:24568]
7fed71fb1000-7fed71fc6000 rw-p 00000000 00:00 0 
7fed71fc6000-7fed71fce000 rw-s 00000000 08:02 13901353                   /tmp/hsperfdata_arnal/24561
7fed71fce000-7fed71fcf000 rw-p 00000000 00:00 0 
7fed71fcf000-7fed71fd0000 ---p 00000000 00:00 0 
7fed71fd0000-7fed71fd2000 rw-p 00000000 00:00 0 
7fed71fd2000-7fed71fd3000 r--p 00022000 08:02 4457570                    /lib/x86_64-linux-gnu/ld-2.19.so
7fed71fd3000-7fed71fd4000 rw-p 00023000 08:02 4457570                    /lib/x86_64-linux-gnu/ld-2.19.so
7fed71fd4000-7fed71fd5000 rw-p 00000000 00:00 0 
7fff2c2c8000-7fff2c2e9000 rw-p 00000000 00:00 0                          [stack]
7fff2c36b000-7fff2c36d000 r--p 00000000 00:00 0                          [vvar]
7fff2c36d000-7fff2c36f000 r-xp 00000000 00:00 0                          [vdso]
ffffffffff600000-ffffffffff601000 r-xp 00000000 00:00 0                  [vsyscall]

VM Arguments:
jvm_args: -Djava.awt.headless=true -Xmx1024M -Dfile.encoding=UTF-8 -Duser.country=US -Duser.language=en -Duser.variant 
java_command: com.android.dx.command.Main --dex --force-jumbo --num-threads=4 --output /home/arnal/AndroidStudioProjects/MusicalStructure/app/build/intermediates/pre-dexed/debug/com.android.support-appcompat-v7-24.0.0_5704bf8183c2dbebffabd504146e8748f8fbd1e1.jar /home/arnal/AndroidStudioProjects/MusicalStructure/app/build/intermediates/exploded-aar/com.android.support/appcompat-v7/24.0.0/jars/classes.jar
java_class_path (initial): /home/arnal/Android/Sdk/build-tools/23.0.2/lib/dx.jar
Launcher Type: SUN_STANDARD

Environment Variables:
PATH=/usr/local/sbin:/usr/local/bin:/usr/sbin:/usr/bin:/sbin:/bin:/usr/games:/usr/local/games
USERNAME=arnal
LD_LIBRARY_PATH=/home/arnal/Downloads/android-studio/bin:
SHELL=/bin/bash
DISPLAY=:0.0

Signal Handlers:
SIGSEGV: [libjvm.so+0xabca10], sa_mask[0]=11111111011111111101111111111110, sa_flags=SA_RESTART|SA_SIGINFO
SIGBUS: [libjvm.so+0xabca10], sa_mask[0]=11111111011111111101111111111110, sa_flags=SA_RESTART|SA_SIGINFO
SIGFPE: [libjvm.so+0x919a20], sa_mask[0]=11111111011111111101111111111110, sa_flags=SA_RESTART|SA_SIGINFO
SIGPIPE: [libjvm.so+0x919a20], sa_mask[0]=11111111011111111101111111111110, sa_flags=SA_RESTART|SA_SIGINFO
SIGXFSZ: [libjvm.so+0x919a20], sa_mask[0]=11111111011111111101111111111110, sa_flags=SA_RESTART|SA_SIGINFO
SIGILL: [libjvm.so+0x919a20], sa_mask[0]=11111111011111111101111111111110, sa_flags=SA_RESTART|SA_SIGINFO
SIGUSR1: SIG_DFL, sa_mask[0]=00000000000000000000000000000000, sa_flags=none
SIGUSR2: [libjvm.so+0x91b050], sa_mask[0]=00100000000000000000000000000000, sa_flags=SA_RESTART|SA_SIGINFO
SIGHUP: [libjvm.so+0x91c450], sa_mask[0]=11111111011111111101111111111110, sa_flags=SA_RESTART|SA_SIGINFO
SIGINT: [libjvm.so+0x91c450], sa_mask[0]=11111111011111111101111111111110, sa_flags=SA_RESTART|SA_SIGINFO
SIGTERM: [libjvm.so+0x91c450], sa_mask[0]=11111111011111111101111111111110, sa_flags=SA_RESTART|SA_SIGINFO
SIGQUIT: [libjvm.so+0x91c450], sa_mask[0]=11111111011111111101111111111110, sa_flags=SA_RESTART|SA_SIGINFO


---------------  S Y S T E M  ---------------

OS:DISTRIB_ID=LinuxMint
DISTRIB_RELEASE=17.3
DISTRIB_CODENAME=rosa
DISTRIB_DESCRIPTION="Linux Mint 17.3 Rosa"

uname:Linux 3.19.0-32-generic #37~14.04.1-Ubuntu SMP Thu Oct 22 09:41:40 UTC 2015 x86_64
libc:glibc 2.19 NPTL 2.19 
rlimit: STACK 8192k, CORE 0k, NPROC 13774, NOFILE 4096, AS infinity
load average:5,05 1,91 1,16

/proc/meminfo:
MemTotal:        3743564 kB
MemFree:          104720 kB
MemAvailable:      55404 kB
Buffers:             272 kB
Cached:           159640 kB
SwapCached:          936 kB
Active:          2517564 kB
Inactive:         918740 kB
Active(anon):    2500752 kB
Inactive(anon):   905716 kB
Active(file):      16812 kB
Inactive(file):    13024 kB
Unevictable:          16 kB
Mlocked:              16 kB
SwapTotal:       3887100 kB
SwapFree:              0 kB
Dirty:                 0 kB
Writeback:             0 kB
AnonPages:       3276492 kB
Mapped:            31964 kB
Shmem:            129428 kB
Slab:              85744 kB
SReclaimable:      40460 kB
SUnreclaim:        45284 kB
KernelStack:       15168 kB
PageTables:        48336 kB
NFS_Unstable:          0 kB
Bounce:                0 kB
WritebackTmp:          0 kB
CommitLimit:     5758880 kB
Committed_AS:   12262768 kB
VmallocTotal:   34359738367 kB
VmallocUsed:      368428 kB
VmallocChunk:   34359273896 kB
HardwareCorrupted:     0 kB
AnonHugePages:    544768 kB
CmaTotal:              0 kB
CmaFree:               0 kB
HugePages_Total:       0
HugePages_Free:        0
HugePages_Rsvd:        0
HugePages_Surp:        0
Hugepagesize:       2048 kB
DirectMap4k:      206772 kB
DirectMap2M:     3682304 kB


CPU:total 4 (2 cores per cpu, 2 threads per core) family 6 model 58 stepping 9, cmov, cx8, fxsr, mmx, sse, sse2, sse3, ssse3, sse4.1, sse4.2, popcnt, avx, clmul, erms, ht, tsc, tscinvbit, tscinv

/proc/cpuinfo:
processor	: 0
vendor_id	: GenuineIntel
cpu family	: 6
model		: 58
model name	: Intel(R) Core(TM) i5-3230M CPU @ 2.60GHz
stepping	: 9
microcode	: 0x15
cpu MHz		: 2999.953
cache size	: 3072 KB
physical id	: 0
siblings	: 4
core id		: 0
cpu cores	: 2
apicid		: 0
initial apicid	: 0
fpu		: yes
fpu_exception	: yes
cpuid level	: 13
wp		: yes
flags		: fpu vme de pse tsc msr pae mce cx8 apic sep mtrr pge mca cmov pat pse36 clflush dts acpi mmx fxsr sse sse2 ss ht tm pbe syscall nx rdtscp lm constant_tsc arch_perfmon pebs bts rep_good nopl xtopology nonstop_tsc aperfmperf eagerfpu pni pclmulqdq dtes64 monitor ds_cpl vmx est tm2 ssse3 cx16 xtpr pdcm pcid sse4_1 sse4_2 x2apic popcnt tsc_deadline_timer xsave avx f16c rdrand lahf_lm ida arat epb pln pts dtherm tpr_shadow vnmi flexpriority ept vpid fsgsbase smep erms xsaveopt
bugs		:
bogomips	: 5188.41
clflush size	: 64
cache_alignment	: 64
address sizes	: 36 bits physical, 48 bits virtual
power management:

processor	: 1
vendor_id	: GenuineIntel
cpu family	: 6
model		: 58
model name	: Intel(R) Core(TM) i5-3230M CPU @ 2.60GHz
stepping	: 9
microcode	: 0x15
cpu MHz		: 2999.953
cache size	: 3072 KB
physical id	: 0
siblings	: 4
core id		: 0
cpu cores	: 2
apicid		: 1
initial apicid	: 1
fpu		: yes
fpu_exception	: yes
cpuid level	: 13
wp		: yes
flags		: fpu vme de pse tsc msr pae mce cx8 apic sep mtrr pge mca cmov pat pse36 clflush dts acpi mmx fxsr sse sse2 ss ht tm pbe syscall nx rdtscp lm constant_tsc arch_perfmon pebs bts rep_good nopl xtopology nonstop_tsc aperfmperf eagerfpu pni pclmulqdq dtes64 monitor ds_cpl vmx est tm2 ssse3 cx16 xtpr pdcm pcid sse4_1 sse4_2 x2apic popcnt tsc_deadline_timer xsave avx f16c rdrand lahf_lm ida arat epb pln pts dtherm tpr_shadow vnmi flexpriority ept vpid fsgsbase smep erms xsaveopt
bugs		:
bogomips	: 5188.41
clflush size	: 64
cache_alignment	: 64
address sizes	: 36 bits physical, 48 bits virtual
power management:

processor	: 2
vendor_id	: GenuineIntel
cpu family	: 6
model		: 58
model name	: Intel(R) Core(TM) i5-3230M CPU @ 2.60GHz
stepping	: 9
microcode	: 0x15
cpu MHz		: 2999.953
cache size	: 3072 KB
physical id	: 0
siblings	: 4
core id		: 1
cpu cores	: 2
apicid		: 2
initial apicid	: 2
fpu		: yes
fpu_exception	: yes
cpuid level	: 13
wp		: yes
flags		: fpu vme de pse tsc msr pae mce cx8 apic sep mtrr pge mca cmov pat pse36 clflush dts acpi mmx fxsr sse sse2 ss ht tm pbe syscall nx rdtscp lm constant_tsc arch_perfmon pebs bts rep_good nopl xtopology nonstop_tsc aperfmperf eagerfpu pni pclmulqdq dtes64 monitor ds_cpl vmx est tm2 ssse3 cx16 xtpr pdcm pcid sse4_1 sse4_2 x2apic popcnt tsc_deadline_timer xsave avx f16c rdrand lahf_lm ida arat epb pln pts dtherm tpr_shadow vnmi flexpriority ept vpid fsgsbase smep erms xsaveopt
bugs		:
bogomips	: 5188.41
clflush size	: 64
cache_alignment	: 64
address sizes	: 36 bits physical, 48 bits virtual
power management:

processor	: 3
vendor_id	: GenuineIntel
cpu family	: 6
model		: 58
model name	: Intel(R) Core(TM) i5-3230M CPU @ 2.60GHz
stepping	: 9
microcode	: 0x15
cpu MHz		: 2999.953
cache size	: 3072 KB
physical id	: 0
siblings	: 4
core id		: 1
cpu cores	: 2
apicid		: 3
initial apicid	: 3
fpu		: yes
fpu_exception	: yes
cpuid level	: 13
wp		: yes
flags		: fpu vme de pse tsc msr pae mce cx8 apic sep mtrr pge mca cmov pat pse36 clflush dts acpi mmx fxsr sse sse2 ss ht tm pbe syscall nx rdtscp lm constant_tsc arch_perfmon pebs bts rep_good nopl xtopology nonstop_tsc aperfmperf eagerfpu pni pclmulqdq dtes64 monitor ds_cpl vmx est tm2 ssse3 cx16 xtpr pdcm pcid sse4_1 sse4_2 x2apic popcnt tsc_deadline_timer xsave avx f16c rdrand lahf_lm ida arat epb pln pts dtherm tpr_shadow vnmi flexpriority ept vpid fsgsbase smep erms xsaveopt
bugs		:
bogomips	: 5188.41
clflush size	: 64
cache_alignment	: 64
address sizes	: 36 bits physical, 48 bits virtual
power management:



Memory: 4k page, physical 3743564k(104916k free), swap 3887100k(0k free)

vm_info: Java HotSpot(TM) 64-Bit Server VM (25.91-b14) for linux-amd64 JRE (1.8.0_91-b14), built on Apr  1 2016 00:57:21 by "java_re" with gcc 4.3.0 20080428 (Red Hat 4.3.0-8)

time: Fri Sep 23 09:13:56 2016
elapsed time: 9 seconds (0d 0h 0m 9s)

